<?xml version="1.0" encoding="UTF-8"?>
<!-- Generated by org.testng.reporters.JUnitXMLReporter -->
<testsuite hostname="del1-lhp-n69559" ignored="0" name="Test" tests="8" failures="2" timestamp="08 Jul 2020 18:44:05 GMT" time="2.518" errors="0">
  <testcase name="Testcase8" time="0.036" classname="org.testing.TestScripts.TC8"/>
  <testcase name="Testcase7" time="0.011" classname="org.testing.TestScripts.TC7"/>
  <testcase name="Testcase6" time="0.004" classname="org.testing.TestScripts.TC6"/>
  <testcase name="testcase1" time="2.196" classname="org.testing.TestScripts.PostRequestTC"/>
  <testcase name="Testcase5" time="0.056" classname="org.testing.TestScripts.DeleteRequestTC"/>
  <testcase name="Testcase3" time="0.077" classname="org.testing.TestScripts.AllGetRequestTC"/>
  <testcase name="Testcase4" time="0.041" classname="org.testing.TestScripts.PutRequestTC">
    <failure type="java.lang.AssertionError" message="Status code is not matching expected [404] but found [200]">
      <![CDATA[java.lang.AssertionError: Status code is not matching expected [404] but found [200]
	at org.testing.ResponseValidation.ResponseStatusCodeValidate.ResponseStatusValidate(ResponseStatusCodeValidate.java:11)
	at org.testing.TestScripts.PutRequestTC.Testcase4(PutRequestTC.java:32)
... Removed 30 stack frames]]>
    </failure>
  </testcase> <!-- Testcase4 -->
  <testcase name="testcase2" time="0.033" classname="org.testing.TestScripts.GetRequestTC">
    <failure type="java.lang.AssertionError" message="Status code is not matching expected [404] but found [200]">
      <![CDATA[java.lang.AssertionError: Status code is not matching expected [404] but found [200]
	at org.testing.ResponseValidation.ResponseStatusCodeValidate.ResponseStatusValidate(ResponseStatusCodeValidate.java:11)
	at org.testing.TestScripts.GetRequestTC.testcase2(GetRequestTC.java:23)
... Removed 30 stack frames]]>
    </failure>
  </testcase> <!-- testcase2 -->
</testsuite> <!-- Test -->
